<?xml version="1.0" encoding="UTF-8"?>
<!-- Generated by org.testng.reporters.JUnitReportReporter -->
<testsuite hostname="KANMANI-PC" name="temp.ReportFunction" tests="3" failures="0" timestamp="21 Dec 2016 04:02:06 GMT" time="51.314" errors="0">
  <testcase name="gmailtest" time="18.534" classname="temp.ReportFunction"/>
  <testcase name="googletest" time="15.166" classname="temp.ReportFunction"/>
  <testcase name="yahootest" time="17.614" classname="temp.ReportFunction"/>
</testsuite> <!-- temp.ReportFunction -->
