<?xml version="1.0" encoding="UTF-8"?>
<!-- Generated by org.testng.reporters.JUnitReportReporter -->
<testsuite hostname="KANMANI-PC" name="com.vmetry.ntltaxi.testcases.HomePageTest" tests="4" failures="0" timestamp="22 Dec 2016 03:55:24 GMT" time="18.472" errors="0">
  <testcase name="validateHomePage" time="2.511" classname="com.vmetry.ntltaxi.testcases.HomePageTest"/>
  <testcase name="validateHomePage" time="2.327" classname="com.vmetry.ntltaxi.testcases.HomePageTest"/>
  <testcase name="validateHomePage" time="11.201" classname="com.vmetry.ntltaxi.testcases.HomePageTest"/>
  <testcase name="validateHomePage" time="2.433" classname="com.vmetry.ntltaxi.testcases.HomePageTest"/>
</testsuite> <!-- com.vmetry.ntltaxi.testcases.HomePageTest -->
